0 info it worked if it ends with ok
1 verbose cli [ '/home/sean/.nvm/versions/node/v0.12.7/bin/node',
1 verbose cli   '/home/sean/.nvm/versions/node/v0.12.7/bin/npm',
1 verbose cli   'repo',
1 verbose cli   'git@github.com:Nase00/WitchHunt-timer.git' ]
2 info using npm@2.11.3
3 info using node@v0.12.7
4 verbose stack Error: Unsupported URL Type: github.com:Nase00/WitchHunt-timer.git
4 verbose stack     at parseUrl (/home/sean/.nvm/versions/node/v0.12.7/lib/node_modules/npm/node_modules/npm-package-arg/npa.js:168:13)
4 verbose stack     at npa (/home/sean/.nvm/versions/node/v0.12.7/lib/node_modules/npm/node_modules/npm-package-arg/npa.js:75:12)
4 verbose stack     at EventEmitter.repo (/home/sean/.nvm/versions/node/v0.12.7/lib/node_modules/npm/lib/repo.js:24:26)
4 verbose stack     at Object.commandCache.(anonymous function) (/home/sean/.nvm/versions/node/v0.12.7/lib/node_modules/npm/lib/npm.js:217:11)
4 verbose stack     at EventEmitter.<anonymous> (/home/sean/.nvm/versions/node/v0.12.7/lib/node_modules/npm/bin/npm-cli.js:73:28)
4 verbose stack     at process._tickCallback (node.js:355:11)
5 verbose cwd /home/sean/HDD_Data/development/witchhunt-timer
6 error Linux 3.16.0-45-generic
7 error argv "/home/sean/.nvm/versions/node/v0.12.7/bin/node" "/home/sean/.nvm/versions/node/v0.12.7/bin/npm" "repo" "git@github.com:Nase00/WitchHunt-timer.git"
8 error node v0.12.7
9 error npm  v2.11.3
10 error Unsupported URL Type: github.com:Nase00/WitchHunt-timer.git
11 error If you need help, you may report this error at:
11 error     <https://github.com/npm/npm/issues>
12 verbose exit [ 1, true ]
